2018-08-21 08:10:34,608 INFO  Service   [4] - TaskSupervisor.Init - HPSM Starting
2018-08-21 08:10:46,383 INFO  Service   [4] - Successfully started DSSessionVariables() - hibernate session
2018-08-21 08:10:46,383 INFO  Service   [4] - ScheduleTaskManager.RetryDBConnection Testing DB connection to: Server=(local)\SQLEXPRESS_2014;initial catalog=HPIPSC;Integrated Security=SSPI; 
2018-08-21 08:10:46,384 INFO  Service   [4] -  - Done TestDBConnection 
2018-08-21 08:10:46,384 INFO  Service   [4] - ScheduleTaskManager.RetryDBConnection Testing DB connection successfull to: Server=(local)\SQLEXPRESS_2014;initial catalog=HPIPSC;Integrated Security=SSPI; 
2018-08-21 08:10:46,384 INFO  Service   [4] - Service Starting up - Init() 
2018-08-21 08:10:46,544 INFO  Service   [4] - BizLogicMgr.IsValidProductDB - productId 3E90D780-8D8F-40F2-BA4F-DCCAE7A9E0EB metaData.ID3E90D780-8D8F-40F2-BA4F-DCCAE7A9E0EB
2018-08-21 08:10:47,142 INFO  Service   [4] - Service Version:  3.2.1.8512
2018-08-21 08:10:47,162 INFO  Service   [4] - Shrinking the DB log file
2018-08-21 08:10:47,162 INFO  Service   [4] -  - Shrinking DB 
2018-08-21 08:10:47,302 INFO  Service   [4] -  - Done Shrinking DB 
2018-08-21 08:10:47,302 INFO  Service   [4] - Service Starting up - Successfully shrink DB logs 
2018-08-21 08:10:47,703 INFO  Service   [4] - Current Version - 7
2018-08-21 08:10:47,733 WARN  Service   [4] - DataKeys - Saving DataKeys - this should only happend once right after Install or Upgrade
2018-08-21 08:10:47,860 INFO  Service   [4] - Server Configuration:  :Remediation Mode:  License Information:   # License available:  0  # License assigned:  0  # Days to Expires:  0  Last time connect to License Server:  12/31/99 11:59  Connection :  12/31/99 11:59 :UI Is Locksmith Server:  : Generate PASSed recommendations:  :Do NOT use direct listner: Do Auto Assessment On Announcement:   :Server name=  80W7-SSI1 address= 10.80.127.153 state:Active  : Discovery authentication mode=  NoAuthentication  Do NOT Serial Number Authentication:   :Children #:  0
2018-08-21 08:10:47,920 INFO  Service   [4] - Service  & ServerConfig Started successfully
2018-08-21 08:10:47,940 INFO  Service   [13] - MaintenanceTaskManager - Started.
2018-08-21 08:10:47,940 INFO  Service   [15] - LicenseTaskManager - Started.
2018-08-21 08:10:47,940 INFO  Service   [16] - AutoGroupsTaskManager - Started.
2018-08-21 08:10:53,089 INFO  Service   [License Task 8/21/18 08:10] - LicenseWrapper.Connect using IPs : 10.80.127.153 : 10.80.127.153 device features:  :  devices version:  :  host addr: net.tcp://10.80.127.153:8888/LicensingService ok to LogErrors: True
2018-08-21 08:10:53,283 INFO  Service   [License Task 8/21/18 08:10] - LicenseWrapper.Connect ping test: True
2018-08-21 08:10:53,364 INFO  Service   [License Task 8/21/18 08:10] - LicenseWrapper.Connect succeeded
2018-08-21 08:10:53,386 INFO  Service   [License Task 8/21/18 08:10] - About to call the method GetSeatInfoForFeature
2018-08-21 08:10:53,387 INFO  Service   [License Task 8/21/18 08:10] - License feature count = 4
2018-08-21 08:10:53,394 INFO  Service   [License Task 8/21/18 08:10] - LicenseWrapper.GetSeatInfoForFeature Getting License counts for feature: IPSC_LIMITED_POLICY  session: 137806072a4a49c189b44ab6d56e159f
2018-08-21 08:10:53,441 ERROR Service   [License Task 8/21/18 08:10] - LicenseWrapper.ValidateResponseAndGetDetailErrorMsg - ERROR code: -106
2018-08-21 08:10:53,441 WARN  Service   [License Task 8/21/18 08:10] - LicenseWrapper.GetSeatInfoForFeature ValidateResponse for feature: IPSC_LIMITED_POLICY  Error: -106
2018-08-21 08:10:53,442 INFO  Service   [License Task 8/21/18 08:10] - LicenseWrapper.GetSeatInfoForFeature Getting License counts for feature: IPSC_DEVICES session: 137806072a4a49c189b44ab6d56e159f
2018-08-21 08:10:53,446 ERROR Service   [License Task 8/21/18 08:10] - LicenseWrapper.ValidateResponseAndGetDetailErrorMsg - ERROR code: -106
2018-08-21 08:10:53,447 WARN  Service   [License Task 8/21/18 08:10] - LicenseWrapper.GetSeatInfoForFeature ValidateResponse for feature: IPSC_DEVICES Error: -106
2018-08-21 08:10:53,447 INFO  Service   [License Task 8/21/18 08:10] - LicenseWrapper.GetSeatInfoForFeature Getting License counts for feature: IPSC_DEMO session: 137806072a4a49c189b44ab6d56e159f
2018-08-21 08:10:53,451 ERROR Service   [License Task 8/21/18 08:10] - LicenseWrapper.ValidateResponseAndGetDetailErrorMsg - ERROR code: -106
2018-08-21 08:10:53,452 WARN  Service   [License Task 8/21/18 08:10] - LicenseWrapper.GetSeatInfoForFeature ValidateResponse for feature: IPSC_DEMO Error: -106
2018-08-21 08:10:53,452 INFO  Service   [License Task 8/21/18 08:10] - LicenseWrapper.GetSeatInfoForFeature Getting License counts for feature: IPSC_CMPS session: 137806072a4a49c189b44ab6d56e159f
2018-08-21 08:10:53,654 INFO  Service   [License Task 8/21/18 08:10] - LicenseMgr.Instance - Licensing Initialized successfully
2018-08-21 08:10:53,659 INFO  Service   [License Task 8/21/18 08:10] - LicenseWrapper.Connect using IPs : 10.80.127.153 : 10.80.127.153 device features:  :  devices version:  :  host addr: net.tcp://10.80.127.153:8888/LicensingService ok to LogErrors: True
2018-08-21 08:10:53,696 INFO  Service   [License Task 8/21/18 08:10] - LicenseWrapper.Connect ping test: True
2018-08-21 08:10:53,720 INFO  Service   [License Task 8/21/18 08:10] - LicenseWrapper.Connect succeeded
2018-08-21 08:10:53,750 INFO  Service   [License Task 8/21/18 08:10] - About to call the method GetSeatInfoForFeature
2018-08-21 08:10:53,750 INFO  Service   [License Task 8/21/18 08:10] - License feature count = 4
2018-08-21 08:10:53,751 INFO  Service   [License Task 8/21/18 08:10] - LicenseWrapper.GetSeatInfoForFeature Getting License counts for feature: IPSC_LIMITED_POLICY  session: efbf6de9a3f044edb5cd58d74620002b
2018-08-21 08:10:53,768 ERROR Service   [License Task 8/21/18 08:10] - LicenseWrapper.ValidateResponseAndGetDetailErrorMsg - ERROR code: -106
2018-08-21 08:10:53,769 WARN  Service   [License Task 8/21/18 08:10] - LicenseWrapper.GetSeatInfoForFeature ValidateResponse for feature: IPSC_LIMITED_POLICY  Error: -106
2018-08-21 08:10:53,769 INFO  Service   [License Task 8/21/18 08:10] - LicenseWrapper.GetSeatInfoForFeature Getting License counts for feature: IPSC_DEVICES session: efbf6de9a3f044edb5cd58d74620002b
2018-08-21 08:10:53,773 ERROR Service   [License Task 8/21/18 08:10] - LicenseWrapper.ValidateResponseAndGetDetailErrorMsg - ERROR code: -106
2018-08-21 08:10:53,774 WARN  Service   [License Task 8/21/18 08:10] - LicenseWrapper.GetSeatInfoForFeature ValidateResponse for feature: IPSC_DEVICES Error: -106
2018-08-21 08:10:53,774 INFO  Service   [License Task 8/21/18 08:10] - LicenseWrapper.GetSeatInfoForFeature Getting License counts for feature: IPSC_DEMO session: efbf6de9a3f044edb5cd58d74620002b
2018-08-21 08:10:53,778 ERROR Service   [License Task 8/21/18 08:10] - LicenseWrapper.ValidateResponseAndGetDetailErrorMsg - ERROR code: -106
2018-08-21 08:10:53,778 WARN  Service   [License Task 8/21/18 08:10] - LicenseWrapper.GetSeatInfoForFeature ValidateResponse for feature: IPSC_DEMO Error: -106
2018-08-21 08:10:53,779 INFO  Service   [License Task 8/21/18 08:10] - LicenseWrapper.GetSeatInfoForFeature Getting License counts for feature: IPSC_CMPS session: efbf6de9a3f044edb5cd58d74620002b
2018-08-21 08:10:57,984 INFO  Service   [License Task 8/21/18 08:10] - LicenseWrapper.Connect using IPs : 10.80.127.153 : 10.80.127.153 device features:  :  devices version:  :  host addr: net.tcp://10.80.127.153:8888/LicensingService ok to LogErrors: True
2018-08-21 08:10:58,004 INFO  Service   [License Task 8/21/18 08:10] - LicenseWrapper.Connect ping test: True
2018-08-21 08:10:58,034 INFO  Service   [License Task 8/21/18 08:10] - LicenseWrapper.Connect succeeded
2018-08-21 08:10:58,054 INFO  Service   [License Task 8/21/18 08:10] - About to call the method GetSeatInfoForFeature
2018-08-21 08:10:58,054 INFO  Service   [License Task 8/21/18 08:10] - License feature count = 4
2018-08-21 08:10:58,054 INFO  Service   [License Task 8/21/18 08:10] - LicenseWrapper.GetSeatInfoForFeature Getting License counts for feature: IPSC_LIMITED_POLICY  session: e95b3c31a66443b8abc0fa9fda29edc9
2018-08-21 08:10:58,084 ERROR Service   [License Task 8/21/18 08:10] - LicenseWrapper.ValidateResponseAndGetDetailErrorMsg - ERROR code: -106
2018-08-21 08:10:58,084 WARN  Service   [License Task 8/21/18 08:10] - LicenseWrapper.GetSeatInfoForFeature ValidateResponse for feature: IPSC_LIMITED_POLICY  Error: -106
2018-08-21 08:10:58,084 INFO  Service   [License Task 8/21/18 08:10] - LicenseWrapper.GetSeatInfoForFeature Getting License counts for feature: IPSC_DEVICES session: e95b3c31a66443b8abc0fa9fda29edc9
2018-08-21 08:10:58,094 ERROR Service   [License Task 8/21/18 08:10] - LicenseWrapper.ValidateResponseAndGetDetailErrorMsg - ERROR code: -106
2018-08-21 08:10:58,094 WARN  Service   [License Task 8/21/18 08:10] - LicenseWrapper.GetSeatInfoForFeature ValidateResponse for feature: IPSC_DEVICES Error: -106
2018-08-21 08:10:58,094 INFO  Service   [License Task 8/21/18 08:10] - LicenseWrapper.GetSeatInfoForFeature Getting License counts for feature: IPSC_DEMO session: e95b3c31a66443b8abc0fa9fda29edc9
2018-08-21 08:10:58,094 ERROR Service   [License Task 8/21/18 08:10] - LicenseWrapper.ValidateResponseAndGetDetailErrorMsg - ERROR code: -106
2018-08-21 08:10:58,094 WARN  Service   [License Task 8/21/18 08:10] - LicenseWrapper.GetSeatInfoForFeature ValidateResponse for feature: IPSC_DEMO Error: -106
2018-08-21 08:10:58,094 INFO  Service   [License Task 8/21/18 08:10] - LicenseWrapper.GetSeatInfoForFeature Getting License counts for feature: IPSC_CMPS session: e95b3c31a66443b8abc0fa9fda29edc9
2018-08-21 08:13:54,105 ERROR Service  System.NullReferenceException: Object reference not set to an instance of an object.__   at LocksmithBusinessLogic.DiscoveryTask.OnDiscoveryUpdate(Object sender, EventArgs eventArgs)
 [4] - DiscoveryTask - OnDiscovery Update Exception: -
2018-08-21 08:13:59,602 ERROR Service  System.NullReferenceException: Object reference not set to an instance of an object.__   at LocksmithBusinessLogic.DiscoveryTask.OnDiscoveryUpdate(Object sender, EventArgs eventArgs)
 [46] - DiscoveryTask - OnDiscovery Update Exception: -
2018-08-21 08:39:17,008 INFO  Service NT AUTHORITY\NETWORK SERVICE  [389] - LicenseWrapper.Connect using IPs : 10.80.127.153 : 10.80.127.153 device features:  :  devices version:  :  host addr: net.tcp://10.80.127.153:8888/LicensingService ok to LogErrors: True
2018-08-21 08:39:17,029 INFO  Service NT AUTHORITY\NETWORK SERVICE  [389] - LicenseWrapper.Connect ping test: True
2018-08-21 08:39:17,049 INFO  Service NT AUTHORITY\NETWORK SERVICE  [389] - LicenseWrapper.Connect succeeded
2018-08-21 08:39:29,405 INFO  Service NT AUTHORITY\NETWORK SERVICE  [389] - About to call the method GetSeatInfoForFeature
2018-08-21 08:39:29,407 INFO  Service NT AUTHORITY\NETWORK SERVICE  [389] - License feature count = 4
2018-08-21 08:39:29,408 INFO  Service NT AUTHORITY\NETWORK SERVICE  [389] - LicenseWrapper.GetSeatInfoForFeature Getting License counts for feature: IPSC_LIMITED_POLICY  session: 9d1646d1b097432792dca08f801cd213
2018-08-21 08:39:29,434 ERROR Service NT AUTHORITY\NETWORK SERVICE  [389] - LicenseWrapper.ValidateResponseAndGetDetailErrorMsg - ERROR code: -106
2018-08-21 08:39:29,435 WARN  Service NT AUTHORITY\NETWORK SERVICE  [389] - LicenseWrapper.GetSeatInfoForFeature ValidateResponse for feature: IPSC_LIMITED_POLICY  Error: -106
2018-08-21 08:39:29,436 INFO  Service NT AUTHORITY\NETWORK SERVICE  [389] - LicenseWrapper.GetSeatInfoForFeature Getting License counts for feature: IPSC_DEVICES session: 9d1646d1b097432792dca08f801cd213
2018-08-21 08:39:29,441 ERROR Service NT AUTHORITY\NETWORK SERVICE  [389] - LicenseWrapper.ValidateResponseAndGetDetailErrorMsg - ERROR code: -106
2018-08-21 08:39:29,442 WARN  Service NT AUTHORITY\NETWORK SERVICE  [389] - LicenseWrapper.GetSeatInfoForFeature ValidateResponse for feature: IPSC_DEVICES Error: -106
2018-08-21 08:39:29,443 INFO  Service NT AUTHORITY\NETWORK SERVICE  [389] - LicenseWrapper.GetSeatInfoForFeature Getting License counts for feature: IPSC_DEMO session: 9d1646d1b097432792dca08f801cd213
2018-08-21 08:44:34,955 ERROR Service  System.NullReferenceException: Object reference not set to an instance of an object.__   at LocksmithBusinessLogic.DiscoveryTask.OnDiscoveryUpdate(Object sender, EventArgs eventArgs)
 [46] - DiscoveryTask - OnDiscovery Update Exception: -
2018-08-21 08:48:00,302 WARN  Service NT AUTHORITY\NETWORK SERVICE  [1173] - ScheduleTaskManager.CheckParentStateAndRemoveIfAppropriate: Parent task id is empty - skipping
2018-08-21 08:50:33,448 ERROR Service  System.NullReferenceException: Object reference not set to an instance of an object.__   at LocksmithBusinessLogic.DiscoveryTask.OnDiscoveryUpdate(Object sender, EventArgs eventArgs)
 [46] - DiscoveryTask - OnDiscovery Update Exception: -
2018-08-21 09:17:02,159 ERROR Service  System.NullReferenceException: Object reference not set to an instance of an object.__   at LocksmithBusinessLogic.DiscoveryTask.OnDiscoveryUpdate(Object sender, EventArgs eventArgs)
 [301] - DiscoveryTask - OnDiscovery Update Exception: -
2018-08-21 09:17:07,799 ERROR Service  System.NullReferenceException: Object reference not set to an instance of an object.__   at LocksmithBusinessLogic.DiscoveryTask.OnDiscoveryUpdate(Object sender, EventArgs eventArgs)
 [312] - DiscoveryTask - OnDiscovery Update Exception: -
2018-08-21 15:10:38,057 INFO  Service   [768] - BackgroundTask.DoWork - Starting
2018-08-21 15:10:38,197 ERROR Service   [768] - Saving DeviceAssessmentLog with Deleted state - id: 48e96e03-fd27-4967-83e8-a943009d7744 device:  Ip: 10.80.127.56  Mac: 00074D504346  policy: Base
2018-08-21 15:10:38,257 INFO  Service   [768] - BackgroundTask.DoWork - Policy Deletion Background Task Ending
2018-08-22 01:01:00,837 INFO  Service   [1053] -    Doing Maintenance Task processing
2018-08-22 01:01:00,837 INFO  Service   [1053] -    Done doing Maintenance Task processing
2018-08-22 01:01:00,847 INFO  Service   [Maintenance Task 8/22/18 01:01] - MaintenanceTask.DoWork - Starting
2018-08-22 01:01:00,947 INFO  Service   [Maintenance Task 8/22/18 01:01] - CascadeDeleteRecommendationsTrans - Done Removing Recommendations: 65
2018-08-22 01:01:00,947 INFO  Service   [Maintenance Task 8/22/18 01:01] - BizLogicMgrHelper.RemoveMarkedForDeletionRecommendations - Done deleting 65 records
2018-08-22 01:01:00,967 INFO  Service   [Maintenance Task 8/22/18 01:01] - BizLogicMgrHelper.RemoveUnusedRecommendations - no Assessment & Unique PolicyIDs found - no valid recommendation yet, skipping
2018-08-22 01:01:01,027 INFO  Service   [Maintenance Task 8/22/18 01:01] -  - Done Removing marked for deletion device changes
2018-08-22 01:01:01,057 INFO  Service   [Maintenance Task 8/22/18 01:01] - CascadeDeleteDevicesTrans - Done Removing Devices: 0
2018-08-22 01:01:01,057 INFO  Service   [Maintenance Task 8/22/18 01:01] - BizLogicMgrHelper.RemoveMarkedForDeletionDevices - Done deleting 0 records
2018-08-22 01:01:01,460 INFO  Service   [Maintenance Task 8/22/18 01:01] - MaintenanceTask.DoWork - Maintenance Task Ending
2018-08-22 08:09:57,754 INFO  Service   [License Task 8/22/18 08:09] - LicenseWrapper.Connect using IPs : 10.80.127.153 : 10.80.127.153 device features:  :  devices version:  :  host addr: net.tcp://10.80.127.153:8888/LicensingService ok to LogErrors: True
2018-08-22 08:09:57,776 INFO  Service   [License Task 8/22/18 08:09] - LicenseWrapper.Connect ping test: True
2018-08-22 08:09:57,796 INFO  Service   [License Task 8/22/18 08:09] - LicenseWrapper.Connect succeeded
2018-08-22 08:09:57,813 INFO  Service   [License Task 8/22/18 08:09] - About to call the method GetSeatInfoForFeature
2018-08-22 08:09:57,814 INFO  Service   [License Task 8/22/18 08:09] - License feature count = 4
2018-08-22 08:09:57,815 INFO  Service   [License Task 8/22/18 08:09] - LicenseWrapper.GetSeatInfoForFeature Getting License counts for feature: IPSC_LIMITED_POLICY  session: efb153aa83584fcd848d7678a22e1c97
2018-08-22 08:09:57,838 ERROR Service   [License Task 8/22/18 08:09] - LicenseWrapper.ValidateResponseAndGetDetailErrorMsg - ERROR code: -106
2018-08-22 08:09:57,839 WARN  Service   [License Task 8/22/18 08:09] - LicenseWrapper.GetSeatInfoForFeature ValidateResponse for feature: IPSC_LIMITED_POLICY  Error: -106
2018-08-22 08:09:57,840 INFO  Service   [License Task 8/22/18 08:09] - LicenseWrapper.GetSeatInfoForFeature Getting License counts for feature: IPSC_DEVICES session: efb153aa83584fcd848d7678a22e1c97
2018-08-22 08:09:57,844 ERROR Service   [License Task 8/22/18 08:09] - LicenseWrapper.ValidateResponseAndGetDetailErrorMsg - ERROR code: -106
2018-08-22 08:09:57,845 WARN  Service   [License Task 8/22/18 08:09] - LicenseWrapper.GetSeatInfoForFeature ValidateResponse for feature: IPSC_DEVICES Error: -106
2018-08-22 08:09:57,846 INFO  Service   [License Task 8/22/18 08:09] - LicenseWrapper.GetSeatInfoForFeature Getting License counts for feature: IPSC_DEMO session: efb153aa83584fcd848d7678a22e1c97
2018-08-23 01:01:01,952 INFO  Service   [994] -    Doing Maintenance Task processing
2018-08-23 01:01:01,955 INFO  Service   [994] -    Done doing Maintenance Task processing
2018-08-23 01:01:01,955 INFO  Service   [Maintenance Task 8/23/18 01:01] - MaintenanceTask.DoWork - Starting
2018-08-23 01:01:02,002 INFO  Service   [Maintenance Task 8/23/18 01:01] - CascadeDeleteRecommendationsTrans - Done Removing Recommendations: 0
2018-08-23 01:01:02,003 INFO  Service   [Maintenance Task 8/23/18 01:01] - BizLogicMgrHelper.RemoveMarkedForDeletionRecommendations - Done deleting 0 records
2018-08-23 01:01:02,005 INFO  Service   [Maintenance Task 8/23/18 01:01] - BizLogicMgrHelper.RemoveUnusedRecommendations - no Assessment & Unique PolicyIDs found - no valid recommendation yet, skipping
2018-08-23 01:01:02,020 INFO  Service   [Maintenance Task 8/23/18 01:01] -  - Done Removing marked for deletion device changes
2018-08-23 01:01:02,022 INFO  Service   [Maintenance Task 8/23/18 01:01] - CascadeDeleteDevicesTrans - Done Removing Devices: 0
2018-08-23 01:01:02,023 INFO  Service   [Maintenance Task 8/23/18 01:01] - BizLogicMgrHelper.RemoveMarkedForDeletionDevices - Done deleting 0 records
2018-08-23 01:01:02,031 INFO  Service   [Maintenance Task 8/23/18 01:01] - MaintenanceTask.DoWork - Maintenance Task Ending
2018-08-23 08:08:56,519 INFO  Service   [License Task 8/23/18 08:08] - LicenseWrapper.Connect using IPs : 10.80.127.153 : 10.80.127.153 device features:  :  devices version:  :  host addr: net.tcp://10.80.127.153:8888/LicensingService ok to LogErrors: True
2018-08-23 08:08:56,546 INFO  Service   [License Task 8/23/18 08:08] - LicenseWrapper.Connect ping test: True
2018-08-23 08:08:56,565 INFO  Service   [License Task 8/23/18 08:08] - LicenseWrapper.Connect succeeded
2018-08-23 08:08:56,589 INFO  Service   [License Task 8/23/18 08:08] - About to call the method GetSeatInfoForFeature
2018-08-23 08:08:56,589 INFO  Service   [License Task 8/23/18 08:08] - License feature count = 4
2018-08-23 08:08:56,590 INFO  Service   [License Task 8/23/18 08:08] - LicenseWrapper.GetSeatInfoForFeature Getting License counts for feature: IPSC_LIMITED_POLICY  session: f05a196049f44c418fbbf1217b2f08e2
2018-08-23 08:08:56,608 ERROR Service   [License Task 8/23/18 08:08] - LicenseWrapper.ValidateResponseAndGetDetailErrorMsg - ERROR code: -106
2018-08-23 08:08:56,608 WARN  Service   [License Task 8/23/18 08:08] - LicenseWrapper.GetSeatInfoForFeature ValidateResponse for feature: IPSC_LIMITED_POLICY  Error: -106
2018-08-23 08:08:56,609 INFO  Service   [License Task 8/23/18 08:08] - LicenseWrapper.GetSeatInfoForFeature Getting License counts for feature: IPSC_DEVICES session: f05a196049f44c418fbbf1217b2f08e2
2018-08-23 08:08:56,613 ERROR Service   [License Task 8/23/18 08:08] - LicenseWrapper.ValidateResponseAndGetDetailErrorMsg - ERROR code: -106
2018-08-23 08:08:56,614 WARN  Service   [License Task 8/23/18 08:08] - LicenseWrapper.GetSeatInfoForFeature ValidateResponse for feature: IPSC_DEVICES Error: -106
2018-08-23 08:08:56,615 INFO  Service   [License Task 8/23/18 08:08] - LicenseWrapper.GetSeatInfoForFeature Getting License counts for feature: IPSC_DEMO session: f05a196049f44c418fbbf1217b2f08e2
2018-08-23 08:51:46,134 WARN  Service NT AUTHORITY\NETWORK SERVICE  [667] - ScheduleTaskManager.CheckParentStateAndRemoveIfAppropriate: Parent task id is empty - skipping
2018-08-23 08:51:46,148 WARN  Service NT AUTHORITY\NETWORK SERVICE  [667] - ScheduleTaskManager.CheckParentStateAndRemoveIfAppropriate: Parent task id is empty - skipping
2018-08-23 08:51:46,162 WARN  Service NT AUTHORITY\NETWORK SERVICE  [667] - ScheduleTaskManager.CheckParentStateAndRemoveIfAppropriate: Parent task id is empty - skipping
2018-08-23 08:53:38,412 ERROR Service  System.NullReferenceException: Object reference not set to an instance of an object.__   at LocksmithBusinessLogic.DiscoveryTask.OnDiscoveryUpdate(Object sender, EventArgs eventArgs)
 [786] - DiscoveryTask - OnDiscovery Update Exception: -
2018-08-23 08:53:44,330 ERROR Service  System.NullReferenceException: Object reference not set to an instance of an object.__   at LocksmithBusinessLogic.DiscoveryTask.OnDiscoveryUpdate(Object sender, EventArgs eventArgs)
 [786] - DiscoveryTask - OnDiscovery Update Exception: -
2018-08-23 08:54:01,558 ERROR Service  System.NullReferenceException: Object reference not set to an instance of an object.__   at LocksmithBusinessLogic.DiscoveryTask.OnDiscoveryUpdate(Object sender, EventArgs eventArgs)
 [301] - DiscoveryTask - OnDiscovery Update Exception: -
2018-08-23 10:46:28,578 INFO  Service NT AUTHORITY\NETWORK SERVICE  [1064] - TaskSupervisor.StartPortListner - Starting Port Listner
2018-08-23 11:05:09,797 INFO  Service NT AUTHORITY\NETWORK SERVICE  [1059] - TaskSupervisor - ShutdownPortListner
2018-08-23 13:58:12,863 INFO  Service   [240] - BackgroundTask.DoWork - Starting
2018-08-23 13:58:12,928 ERROR Service   [240] - BizLogicMgr.DeleteAssessmentLogForPolicyInDB - did not find in DB
2018-08-23 13:58:12,981 INFO  Service   [240] - BackgroundTask.DoWork - Policy Deletion Background Task Ending
2018-08-23 13:58:27,894 INFO  Service   [240] - BackgroundTask.DoWork - Starting
2018-08-23 13:58:27,934 ERROR Service   [240] - BizLogicMgr.DeleteAssessmentLogForPolicyInDB - did not find in DB
2018-08-23 13:58:28,005 ERROR Service   [240] - BizLogicMgr.DeleteAssessmentLogForPolicyInDB - did not find in DB
2018-08-23 13:58:28,055 INFO  Service   [240] - BackgroundTask.DoWork - Policy Deletion Background Task Ending
2018-08-23 13:58:28,082 INFO  Service   [1009] - BackgroundTask.DoWork - Starting
2018-08-23 13:58:28,103 INFO  Service   [1009] - BackgroundTask.DoWork - Policy Deletion Background Task Ending
2018-08-23 14:21:38,093 INFO  Service   [367] - BackgroundTask.DoWork - Starting
2018-08-23 14:21:38,140 ERROR Service   [367] - BizLogicMgr.DeleteAssessmentLogForPolicyInDB - did not find in DB
2018-08-23 14:21:38,192 INFO  Service   [367] - BackgroundTask.DoWork - Policy Deletion Background Task Ending
2018-08-23 14:28:47,332 WARN  Service NT AUTHORITY\NETWORK SERVICE  [1370] - ScheduleTaskManager.CheckParentStateAndRemoveIfAppropriate: Parent task id is empty - skipping
2018-08-23 14:45:44,058 INFO  Service   [1382] - RemediationMcoRequest - recommendationAction dat id name :TelnetEnabled
2018-08-23 14:45:44,064 INFO  Service   [1382] - RemediationMcoRequest - recommendationAction dat id name :FtpEnabled
2018-08-23 14:45:44,065 INFO  Service   [1382] - RemediationMcoRequest - recommendationAction dat id name :GetCommunityName
2018-08-23 14:45:44,066 INFO  Service   [1382] - RemediationMcoRequest - recommendationAction dat id name :SetCommunityName
2018-08-23 14:49:49,553 ERROR NHibernate.Event.Default.AbstractFlushingEventListener  NHibernate.StaleObjectStateException: Row was updated or deleted by another transaction (or unsaved-value mapping was incorrect): [DataObjects.Device#e8c97c2c-6b30-47e1-91e5-a9430091b4d4]__   at NHibernate.Persister.Entity.AbstractEntityPersister.Update(Object id, Object[] fields, Object[] oldFields, Object rowId, Boolean[] includeProperty, Int32 j, Object oldVersion, Object obj, SqlCommandInfo sql, ISessionImplementor session)__   at NHibernate.Persister.Entity.AbstractEntityPersister.UpdateOrInsert(Object id, Object[] fields, Object[] oldFields, Object rowId, Boolean[] includeProperty, Int32 j, Object oldVersion, Object obj, SqlCommandInfo sql, ISessionImplementor session)__   at NHibernate.Persister.Entity.AbstractEntityPersister.Update(Object id, Object[] fields, Int32[] dirtyFields, Boolean hasDirtyCollection, Object[] oldFields, Object oldVersion, Object obj, Object rowId, ISessionImplementor session)__   at NHibernate.Action.EntityUpdateAction.Execute()__   at NHibernate.Engine.ActionQueue.Execute(IExecutable executable)__   at NHibernate.Engine.ActionQueue.ExecuteActions(IList list)__   at NHibernate.Engine.ActionQueue.ExecuteActions()__   at NHibernate.Event.Default.AbstractFlushingEventListener.PerformExecutions(IEventSource session)
 [1382] - Could not synchronize database state with session
2018-08-23 14:49:49,651 ERROR NHibernate.Event.Default.AbstractFlushingEventListener  NHibernate.StaleObjectStateException: Row was updated or deleted by another transaction (or unsaved-value mapping was incorrect): [DataObjects.Device#e8c97c2c-6b30-47e1-91e5-a9430091b4d4]__   at NHibernate.Persister.Entity.AbstractEntityPersister.Update(Object id, Object[] fields, Object[] oldFields, Object rowId, Boolean[] includeProperty, Int32 j, Object oldVersion, Object obj, SqlCommandInfo sql, ISessionImplementor session)__   at NHibernate.Persister.Entity.AbstractEntityPersister.UpdateOrInsert(Object id, Object[] fields, Object[] oldFields, Object rowId, Boolean[] includeProperty, Int32 j, Object oldVersion, Object obj, SqlCommandInfo sql, ISessionImplementor session)__   at NHibernate.Persister.Entity.AbstractEntityPersister.Update(Object id, Object[] fields, Int32[] dirtyFields, Boolean hasDirtyCollection, Object[] oldFields, Object oldVersion, Object obj, Object rowId, ISessionImplementor session)__   at NHibernate.Action.EntityUpdateAction.Execute()__   at NHibernate.Engine.ActionQueue.Execute(IExecutable executable)__   at NHibernate.Engine.ActionQueue.ExecuteActions(IList list)__   at NHibernate.Engine.ActionQueue.ExecuteActions()__   at NHibernate.Event.Default.AbstractFlushingEventListener.PerformExecutions(IEventSource session)
 [1382] - Could not synchronize database state with session
2018-08-23 14:49:50,154 ERROR NHibernate.Event.Default.AbstractFlushingEventListener  NHibernate.StaleObjectStateException: Row was updated or deleted by another transaction (or unsaved-value mapping was incorrect): [DataObjects.Device#e8c97c2c-6b30-47e1-91e5-a9430091b4d4]__   at NHibernate.Persister.Entity.AbstractEntityPersister.Update(Object id, Object[] fields, Object[] oldFields, Object rowId, Boolean[] includeProperty, Int32 j, Object oldVersion, Object obj, SqlCommandInfo sql, ISessionImplementor session)__   at NHibernate.Persister.Entity.AbstractEntityPersister.UpdateOrInsert(Object id, Object[] fields, Object[] oldFields, Object rowId, Boolean[] includeProperty, Int32 j, Object oldVersion, Object obj, SqlCommandInfo sql, ISessionImplementor session)__   at NHibernate.Persister.Entity.AbstractEntityPersister.Update(Object id, Object[] fields, Int32[] dirtyFields, Boolean hasDirtyCollection, Object[] oldFields, Object oldVersion, Object obj, Object rowId, ISessionImplementor session)__   at NHibernate.Action.EntityUpdateAction.Execute()__   at NHibernate.Engine.ActionQueue.Execute(IExecutable executable)__   at NHibernate.Engine.ActionQueue.ExecuteActions(IList list)__   at NHibernate.Engine.ActionQueue.ExecuteActions()__   at NHibernate.Event.Default.AbstractFlushingEventListener.PerformExecutions(IEventSource session)
 [1382] - Could not synchronize database state with session
2018-08-23 14:49:50,284 ERROR NHibernate.Event.Default.AbstractFlushingEventListener  NHibernate.StaleObjectStateException: Row was updated or deleted by another transaction (or unsaved-value mapping was incorrect): [DataObjects.Device#e8c97c2c-6b30-47e1-91e5-a9430091b4d4]__   at NHibernate.Persister.Entity.AbstractEntityPersister.Update(Object id, Object[] fields, Object[] oldFields, Object rowId, Boolean[] includeProperty, Int32 j, Object oldVersion, Object obj, SqlCommandInfo sql, ISessionImplementor session)__   at NHibernate.Persister.Entity.AbstractEntityPersister.UpdateOrInsert(Object id, Object[] fields, Object[] oldFields, Object rowId, Boolean[] includeProperty, Int32 j, Object oldVersion, Object obj, SqlCommandInfo sql, ISessionImplementor session)__   at NHibernate.Persister.Entity.AbstractEntityPersister.Update(Object id, Object[] fields, Int32[] dirtyFields, Boolean hasDirtyCollection, Object[] oldFields, Object oldVersion, Object obj, Object rowId, ISessionImplementor session)__   at NHibernate.Action.EntityUpdateAction.Execute()__   at NHibernate.Engine.ActionQueue.Execute(IExecutable executable)__   at NHibernate.Engine.ActionQueue.ExecuteActions(IList list)__   at NHibernate.Engine.ActionQueue.ExecuteActions()__   at NHibernate.Event.Default.AbstractFlushingEventListener.PerformExecutions(IEventSource session)
 [1382] - Could not synchronize database state with session
2018-08-23 14:49:50,501 ERROR NHibernate.Event.Default.AbstractFlushingEventListener  NHibernate.StaleObjectStateException: Row was updated or deleted by another transaction (or unsaved-value mapping was incorrect): [DataObjects.Device#e8c97c2c-6b30-47e1-91e5-a9430091b4d4]__   at NHibernate.Persister.Entity.AbstractEntityPersister.Update(Object id, Object[] fields, Object[] oldFields, Object rowId, Boolean[] includeProperty, Int32 j, Object oldVersion, Object obj, SqlCommandInfo sql, ISessionImplementor session)__   at NHibernate.Persister.Entity.AbstractEntityPersister.UpdateOrInsert(Object id, Object[] fields, Object[] oldFields, Object rowId, Boolean[] includeProperty, Int32 j, Object oldVersion, Object obj, SqlCommandInfo sql, ISessionImplementor session)__   at NHibernate.Persister.Entity.AbstractEntityPersister.Update(Object id, Object[] fields, Int32[] dirtyFields, Boolean hasDirtyCollection, Object[] oldFields, Object oldVersion, Object obj, Object rowId, ISessionImplementor session)__   at NHibernate.Action.EntityUpdateAction.Execute()__   at NHibernate.Engine.ActionQueue.Execute(IExecutable executable)__   at NHibernate.Engine.ActionQueue.ExecuteActions(IList list)__   at NHibernate.Engine.ActionQueue.ExecuteActions()__   at NHibernate.Event.Default.AbstractFlushingEventListener.PerformExecutions(IEventSource session)
 [1398] - Could not synchronize database state with session
2018-08-23 14:49:50,522 ERROR NHibernate.Event.Default.AbstractFlushingEventListener  NHibernate.StaleObjectStateException: Row was updated or deleted by another transaction (or unsaved-value mapping was incorrect): [DataObjects.Device#e8c97c2c-6b30-47e1-91e5-a9430091b4d4]__   at NHibernate.Persister.Entity.AbstractEntityPersister.Update(Object id, Object[] fields, Object[] oldFields, Object rowId, Boolean[] includeProperty, Int32 j, Object oldVersion, Object obj, SqlCommandInfo sql, ISessionImplementor session)__   at NHibernate.Persister.Entity.AbstractEntityPersister.UpdateOrInsert(Object id, Object[] fields, Object[] oldFields, Object rowId, Boolean[] includeProperty, Int32 j, Object oldVersion, Object obj, SqlCommandInfo sql, ISessionImplementor session)__   at NHibernate.Persister.Entity.AbstractEntityPersister.Update(Object id, Object[] fields, Int32[] dirtyFields, Boolean hasDirtyCollection, Object[] oldFields, Object oldVersion, Object obj, Object rowId, ISessionImplementor session)__   at NHibernate.Action.EntityUpdateAction.Execute()__   at NHibernate.Engine.ActionQueue.Execute(IExecutable executable)__   at NHibernate.Engine.ActionQueue.ExecuteActions(IList list)__   at NHibernate.Engine.ActionQueue.ExecuteActions()__   at NHibernate.Event.Default.AbstractFlushingEventListener.PerformExecutions(IEventSource session)
 [1398] - Could not synchronize database state with session
2018-08-23 14:49:50,679 ERROR NHibernate.Event.Default.AbstractFlushingEventListener  NHibernate.StaleObjectStateException: Row was updated or deleted by another transaction (or unsaved-value mapping was incorrect): [DataObjects.Device#e8c97c2c-6b30-47e1-91e5-a9430091b4d4]__   at NHibernate.Persister.Entity.AbstractEntityPersister.Update(Object id, Object[] fields, Object[] oldFields, Object rowId, Boolean[] includeProperty, Int32 j, Object oldVersion, Object obj, SqlCommandInfo sql, ISessionImplementor session)__   at NHibernate.Persister.Entity.AbstractEntityPersister.UpdateOrInsert(Object id, Object[] fields, Object[] oldFields, Object rowId, Boolean[] includeProperty, Int32 j, Object oldVersion, Object obj, SqlCommandInfo sql, ISessionImplementor session)__   at NHibernate.Persister.Entity.AbstractEntityPersister.Update(Object id, Object[] fields, Int32[] dirtyFields, Boolean hasDirtyCollection, Object[] oldFields, Object oldVersion, Object obj, Object rowId, ISessionImplementor session)__   at NHibernate.Action.EntityUpdateAction.Execute()__   at NHibernate.Engine.ActionQueue.Execute(IExecutable executable)__   at NHibernate.Engine.ActionQueue.ExecuteActions(IList list)__   at NHibernate.Engine.ActionQueue.ExecuteActions()__   at NHibernate.Event.Default.AbstractFlushingEventListener.PerformExecutions(IEventSource session)
 [1398] - Could not synchronize database state with session
2018-08-23 15:32:03,972 WARN  Service   [1238] - Task - Error trying to ResolveHostName for: xxqlj141300691_.zebra.lan System.Net.Sockets.SocketException (0x80004005): The requested name is valid, but no data of the requested type was found__   at System.Net.Dns.GetAddrInfo(String name)__   at System.Net.Dns.InternalGetHostByName(String hostName, Boolean includeIPv6)__   at System.Net.Dns.GetHostEntry(String hostNameOrAddress)__   at TaskManager.Task.ResolveHostName(DeviceSummary deviceSummary)
2018-08-23 15:32:03,973 WARN  Service   [1238] - Task - Unable to ResolveHostName for: xxqlj141300691_.zebra.lan
2018-08-23 15:49:54,111 WARN  Service   [198] - Task - Error trying to ResolveHostName for: xxqlj141300691_.zebra.lan System.Net.Sockets.SocketException (0x80004005): The requested name is valid, but no data of the requested type was found__   at System.Net.Dns.GetAddrInfo(String name)__   at System.Net.Dns.InternalGetHostByName(String hostName, Boolean includeIPv6)__   at System.Net.Dns.GetHostEntry(String hostNameOrAddress)__   at TaskManager.Task.ResolveHostName(DeviceSummary deviceSummary)
2018-08-23 15:49:54,113 WARN  Service   [198] - Task - Unable to ResolveHostName for: xxqlj141300691_.zebra.lan
2018-08-23 16:05:10,780 ERROR Service  System.NullReferenceException: Object reference not set to an instance of an object.__   at LocksmithBusinessLogic.DiscoveryTask.OnDiscoveryUpdate(Object sender, EventArgs eventArgs)
 [999] - DiscoveryTask - OnDiscovery Update Exception: -
2018-08-23 16:05:35,747 ERROR Service  System.NullReferenceException: Object reference not set to an instance of an object.__   at LocksmithBusinessLogic.DiscoveryTask.OnDiscoveryUpdate(Object sender, EventArgs eventArgs)
 [999] - DiscoveryTask - OnDiscovery Update Exception: -
2018-08-23 16:10:02,917 WARN  Service NT AUTHORITY\NETWORK SERVICE  [1232] - ScheduleTaskManager.CheckParentStateAndRemoveIfAppropriate: Parent task id is empty - skipping
2018-08-23 16:10:02,948 WARN  Service NT AUTHORITY\NETWORK SERVICE  [1232] - ScheduleTaskManager.CheckParentStateAndRemoveIfAppropriate: Parent task id is empty - skipping
2018-08-23 16:10:14,995 WARN  Service   [407] - Task - Error trying to ResolveHostName for: xxqlj141300691_.zebra.lan System.Net.Sockets.SocketException (0x80004005): The requested name is valid, but no data of the requested type was found__   at System.Net.Dns.GetAddrInfo(String name)__   at System.Net.Dns.InternalGetHostByName(String hostName, Boolean includeIPv6)__   at System.Net.Dns.GetHostEntry(String hostNameOrAddress)__   at TaskManager.Task.ResolveHostName(DeviceSummary deviceSummary)
2018-08-23 16:10:14,995 WARN  Service   [407] - Task - Unable to ResolveHostName for: xxqlj141300691_.zebra.lan
2018-08-24 01:00:59,738 INFO  Service   [1380] -    Doing Maintenance Task processing
2018-08-24 01:00:59,738 INFO  Service   [1380] -    Done doing Maintenance Task processing
2018-08-24 01:00:59,738 INFO  Service   [Maintenance Task 8/24/18 01:00] - MaintenanceTask.DoWork - Starting
2018-08-24 01:00:59,798 INFO  Service   [Maintenance Task 8/24/18 01:00] - CascadeDeleteRecommendationsTrans - Done Removing Recommendations: 0
2018-08-24 01:00:59,798 INFO  Service   [Maintenance Task 8/24/18 01:00] - BizLogicMgrHelper.RemoveMarkedForDeletionRecommendations - Done deleting 0 records
2018-08-24 01:00:59,868 INFO  Service   [Maintenance Task 8/24/18 01:00] - CascadeDeleteRecommendationsTrans - Done Removing Recommendations: 140
2018-08-24 01:00:59,868 INFO  Service   [Maintenance Task 8/24/18 01:00] - BizLogicMgrHelper.RemoveUnusedRecommendations - Done deleting 140 records
2018-08-24 01:00:59,908 INFO  Service   [Maintenance Task 8/24/18 01:00] -  - Done Removing marked for deletion device changes
2018-08-24 01:00:59,908 INFO  Service   [Maintenance Task 8/24/18 01:00] - CascadeDeleteDevicesTrans - Done Removing Devices: 0
2018-08-24 01:00:59,908 INFO  Service   [Maintenance Task 8/24/18 01:00] - BizLogicMgrHelper.RemoveMarkedForDeletionDevices - Done deleting 0 records
2018-08-24 01:00:59,918 INFO  Service   [Maintenance Task 8/24/18 01:00] - MaintenanceTask.DoWork - Maintenance Task Ending
2018-08-24 08:07:57,355 INFO  Service   [License Task 8/24/18 08:07] - LicenseWrapper.Connect using IPs : 10.80.127.153 : 10.80.127.153 device features:  :  devices version:  :  host addr: net.tcp://10.80.127.153:8888/LicensingService ok to LogErrors: True
2018-08-24 08:07:57,385 INFO  Service   [License Task 8/24/18 08:07] - LicenseWrapper.Connect ping test: True
2018-08-24 08:07:57,405 INFO  Service   [License Task 8/24/18 08:07] - LicenseWrapper.Connect succeeded
2018-08-24 08:07:57,425 INFO  Service   [License Task 8/24/18 08:07] - About to call the method GetSeatInfoForFeature
2018-08-24 08:07:57,435 INFO  Service   [License Task 8/24/18 08:07] - License feature count = 4
2018-08-24 08:07:57,435 INFO  Service   [License Task 8/24/18 08:07] - LicenseWrapper.GetSeatInfoForFeature Getting License counts for feature: IPSC_LIMITED_POLICY  session: 69319b3b61474149be4f54b150bdacce
2018-08-24 08:07:57,455 ERROR Service   [License Task 8/24/18 08:07] - LicenseWrapper.ValidateResponseAndGetDetailErrorMsg - ERROR code: -106
2018-08-24 08:07:57,455 WARN  Service   [License Task 8/24/18 08:07] - LicenseWrapper.GetSeatInfoForFeature ValidateResponse for feature: IPSC_LIMITED_POLICY  Error: -106
2018-08-24 08:07:57,455 INFO  Service   [License Task 8/24/18 08:07] - LicenseWrapper.GetSeatInfoForFeature Getting License counts for feature: IPSC_DEVICES session: 69319b3b61474149be4f54b150bdacce
2018-08-24 08:07:57,455 ERROR Service   [License Task 8/24/18 08:07] - LicenseWrapper.ValidateResponseAndGetDetailErrorMsg - ERROR code: -106
2018-08-24 08:07:57,465 WARN  Service   [License Task 8/24/18 08:07] - LicenseWrapper.GetSeatInfoForFeature ValidateResponse for feature: IPSC_DEVICES Error: -106
2018-08-24 08:07:57,465 INFO  Service   [License Task 8/24/18 08:07] - LicenseWrapper.GetSeatInfoForFeature Getting License counts for feature: IPSC_DEMO session: 69319b3b61474149be4f54b150bdacce
2018-08-24 08:08:36,266 INFO  Service   [820] - TaskSupervisor - starting shutdown
2018-08-24 08:08:39,273 INFO  Service   [820] - TaskSupervisor - shutdown returning 
